<?xml version="1.0" encoding="UTF-8"?>
<!-- Generated by org.testng.reporters.JUnitReportReporter -->
<testsuite hostname="toshiba" failures="0" tests="1" name="runners.crmcontactRunner" time="11.547" errors="0" timestamp="2021-11-19T10:27:41 IST" skipped="0">
  <testcase classname="runners.crmcontactRunner" name="runScenario" time="11.547"/>
  <system-out/>
</testsuite> <!-- runners.crmcontactRunner -->
