<?xml version="1.0" encoding="UTF-8"?>
<!-- Generated by org.testng.reporters.JUnitReportReporter -->
<testsuite hostname="toshiba" failures="0" tests="1" name="dataparamscripts.ReadExcelFile" time="1.347" errors="0" timestamp="2021-11-22T11:29:48 IST" skipped="0">
  <testcase classname="dataparamscripts.ReadExcelFile" name="login" time="1.347"/>
  <system-out/>
</testsuite> <!-- dataparamscripts.ReadExcelFile -->
