<?xml version="1.0" encoding="UTF-8"?>
<!-- Generated by org.testng.reporters.JUnitReportReporter -->
<testsuite hostname="toshiba" failures="0" tests="5" name="runners.CRMtaggdRunner" time="0.712" errors="0" timestamp="2021-11-17T12:56:20 IST" skipped="0">
  <testcase classname="runners.CRMtaggdRunner" name="runScenario" time="0.064"/>
  <system-out/>
  <testcase classname="runners.CRMtaggdRunner" name="runScenario" time="0.056"/>
  <system-out/>
  <testcase classname="runners.CRMtaggdRunner" name="runScenario" time="0.512"/>
  <system-out/>
  <testcase classname="runners.CRMtaggdRunner" name="runScenario" time="0.038"/>
  <system-out/>
  <testcase classname="runners.CRMtaggdRunner" name="runScenario" time="0.042"/>
  <system-out/>
</testsuite> <!-- runners.CRMtaggdRunner -->
